<?xml version="1.0" encoding="UTF-8"?>
<testsuite xmlns:xsi="http://www.w3.org/2001/XMLSchema-instance" xsi:noNamespaceSchemaLocation="https://maven.apache.org/surefire/maven-surefire-plugin/xsd/surefire-test-report-3.0.xsd" version="3.0" name="tn.esprit.spring.BlocServiceTest" time="2.275" tests="2" errors="0" skipped="0" failures="0">
  <properties>
[...]
</properties>
  <testcase name="testFindAll" classname="tn.esprit.spring.BlocServiceTest" time="2.171"/>
  <testcase name="testAddOrUpdate" classname="tn.esprit.spring.BlocServiceTest" time="0.03"/>
</testsuite>